---------------------------------------------------------------
[ 2021-02-27T23:41:01+08:00 ] 172.24.0.1 HEAD xn--9kqx25nv1c/
[运行时间：0.631618s] [吞吐率：1.58req/s] [内存消耗：4,815.24kb] [文件加载：143]
[ info ] [ BEHAVIOR ] Run Closure @app_init [ RunTime:0.000119s ]
[ info ] [ CACHE ] INIT File
[ info ] [ BEHAVIOR ] Run \addons\cms\Cms @app_init [ RunTime:0.015294s ]
[ info ] [ BEHAVIOR ] Run \addons\templates\Templates @app_init [ RunTime:0.000440s ]
[ info ] [ BEHAVIOR ] Run Closure @app_init [ RunTime:0.000909s ]
[ info ] [ LANG ] /data/www/thinkphp/lang/zh-cn.php
[ info ] [ BEHAVIOR ] Run app\common\behavior\Common @app_dispatch [ RunTime:0.004466s ]
[ info ] [ ROUTE ] array (
  'type' => 'module',
  'module' => 
  array (
    0 => '',
    1 => NULL,
    2 => NULL,
  ),
)
[ info ] [ HEADER ] array (
  'accept-language' => 'zh-CN,zh;q=0.9',
  'accept-encoding' => 'gzip, deflate',
  'user-agent' => 'Mozilla/5.0 (Macintosh; Intel Mac OS X 10_15_7) AppleWebKit/537.36 (KHTML, like Gecko) Chrome/88.0.4324.192 Safari/537.36',
  'connection' => 'keep-alive',
  'host' => 'xn--9kqx25nv1c',
  'content-type' => '',
  'content-length' => '',
)
[ info ] [ PARAM ] array (
)
[ info ] [ LANG ] /data/www/public/../application/index/lang/zh-cn.php
[ info ] [ BEHAVIOR ] Run app\common\behavior\Common @module_init [ RunTime:0.017055s ]
[ info ] [ BEHAVIOR ] Run \addons\templates\Templates @module_init [ RunTime:0.026489s ]
[ info ] [ BEHAVIOR ] Run \addons\geetest\Geetest @config_init [ RunTime:0.005808s ]
[ info ] [ BEHAVIOR ] Run \addons\nkeditor\Nkeditor @config_init [ RunTime:0.005321s ]
[ info ] [ LANG ] /data/www/public/../application/index/lang/zh-cn/index.php
[ info ] [ DB ] INIT mysql
[ info ] [ BEHAVIOR ] Run \addons\geetest\Geetest @action_begin [ RunTime:0.000455s ]
[ info ] [ RUN ] app\index\controller\Index->index[ /data/www/application/index/controller/Index.php ]
[ info ] [ BEHAVIOR ] Run \addons\loginvideo\Loginvideo @response_send [ RunTime:0.003655s ]
[ info ] [ LOG ] INIT File
[ error ] [0]模板文件不存在:../public/templates/modules\a\index/index/index.html[/data/www/thinkphp/library/think/view/driver/Think.php:82]
---------------------------------------------------------------
[ 2021-02-27T23:41:26+08:00 ] 172.24.0.1 HEAD xn--9kqx25nv1c/
[运行时间：0.420098s] [吞吐率：2.38req/s] [内存消耗：4,815.25kb] [文件加载：143]
[ info ] [ BEHAVIOR ] Run Closure @app_init [ RunTime:0.000161s ]
[ info ] [ CACHE ] INIT File
[ info ] [ BEHAVIOR ] Run \addons\cms\Cms @app_init [ RunTime:0.014528s ]
[ info ] [ BEHAVIOR ] Run \addons\templates\Templates @app_init [ RunTime:0.000875s ]
[ info ] [ BEHAVIOR ] Run Closure @app_init [ RunTime:0.001525s ]
[ info ] [ LANG ] /data/www/thinkphp/lang/zh-cn.php
[ info ] [ BEHAVIOR ] Run app\common\behavior\Common @app_dispatch [ RunTime:0.001809s ]
[ info ] [ ROUTE ] array (
  'type' => 'module',
  'module' => 
  array (
    0 => '',
    1 => NULL,
    2 => NULL,
  ),
)
[ info ] [ HEADER ] array (
  'accept-language' => 'zh-CN,zh;q=0.9',
  'accept-encoding' => 'gzip, deflate',
  'user-agent' => 'Mozilla/5.0 (Macintosh; Intel Mac OS X 10_15_7) AppleWebKit/537.36 (KHTML, like Gecko) Chrome/88.0.4324.192 Safari/537.36',
  'connection' => 'keep-alive',
  'host' => 'xn--9kqx25nv1c',
  'content-type' => '',
  'content-length' => '',
)
[ info ] [ PARAM ] array (
)
[ info ] [ LANG ] /data/www/public/../application/index/lang/zh-cn.php
[ info ] [ BEHAVIOR ] Run app\common\behavior\Common @module_init [ RunTime:0.008109s ]
[ info ] [ BEHAVIOR ] Run \addons\templates\Templates @module_init [ RunTime:0.018506s ]
[ info ] [ BEHAVIOR ] Run \addons\geetest\Geetest @config_init [ RunTime:0.002438s ]
[ info ] [ BEHAVIOR ] Run \addons\nkeditor\Nkeditor @config_init [ RunTime:0.001892s ]
[ info ] [ LANG ] /data/www/public/../application/index/lang/zh-cn/index.php
[ info ] [ DB ] INIT mysql
[ info ] [ BEHAVIOR ] Run \addons\geetest\Geetest @action_begin [ RunTime:0.000581s ]
[ info ] [ RUN ] app\index\controller\Index->index[ /data/www/application/index/controller/Index.php ]
[ info ] [ BEHAVIOR ] Run \addons\loginvideo\Loginvideo @response_send [ RunTime:0.002385s ]
[ info ] [ LOG ] INIT File
[ error ] [0]模板文件不存在:../public/templates/modules\a\index/index/index.html[/data/www/thinkphp/library/think/view/driver/Think.php:82]
